<?xml version="1.0" encoding="UTF-8"?>
<!-- Generated by org.testng.reporters.JUnitReportReporter -->
<testsuite hostname="AH0016" failures="0" tests="1" name="com.bigbasket.Runner.TestRunner" time="30.024" errors="0" timestamp="2025-01-28T20:51:31 IST" skipped="0">
  <testcase classname="com.bigbasket.Runner.TestRunner" name="runScenario" time="30.024"/>
</testsuite> <!-- com.bigbasket.Runner.TestRunner -->
